### VARIABLES ###
EMEWS_PROJECT_ROOT=/gpfs/scratch/cns03/cns03402/COIN/spheroid-tnf-v2-emews-second_iteration_DD/spheroid-tnf-v2-emews-second_iteration
EXPID=DD_GA_correctNOW
TURBINE_OUTPUT=/gpfs/scratch/cns03/cns03402/COIN/spheroid-tnf-v2-emews-second_iteration_DD/spheroid-tnf-v2-emews-second_iteration/experiments/DD_GA_correctNOW
PROCS=96
QUEUE=main
WALLTIME=72:00:00
PPN=12
TURBINE_JOBNAME=DD_GA_correctNOW_job
PYTHONPATH=/gpfs/scratch/cns03/cns03402/COIN/spheroid-tnf-v2-emews-second_iteration_DD/spheroid-tnf-v2-emews-second_iteration/python:/gpfs/scratch/cns03/cns03402/COIN/spheroid-tnf-v2-emews-second_iteration_DD/spheroid-tnf-v2-emews-second_iteration/ext/EQ-Py
R_HOME=/apps/R/3.4.0/lib64/R
LD_LIBRARY_PATH=/apps/SWIFTT/1.4.3/turbine/lib:/apps/R/3.4.0/lib64/R/lib:/apps/MARIADB/10.3.5/lib:/apps/PYTHON/3.6.1/INTEL/lib:/apps/INTEL/2017.4/mkl/lib/intel64:/apps/INTEL/2017.4/impi/2017.3.196/lib64:/apps/INTEL/2017.4/lib/intel64
DYLD_LIBRARY_PATH=
TURBINE_RESIDENT_WORK_WORKERS=1
RESIDENT_WORK_RANKS=94
EQPY=/gpfs/scratch/cns03/cns03402/COIN/spheroid-tnf-v2-emews-second_iteration_DD/spheroid-tnf-v2-emews-second_iteration/ext/EQ-Py
EQR=
CMD_LINE_ARGS=DD_GA_correctNOW data/ga_tnf_params_drug_policy.json data/coin-dd.json -seed=1234 -ni=15 -nv=1 -np=150 -exe=/gpfs/scratch/cns03/cns03402/COIN/spheroid-tnf-v2-emews-second_iteration_DD/spheroid-tnf-v2-emews-second_iteration/experiments/DD_GA_correctNOW/spheroid_TNF -settings=/gpfs/scratch/cns03/cns03402/COIN/spheroid-tnf-v2-emews-second_iteration_DD/spheroid-tnf-v2-emews-second_iteration/experiments/DD_GA_correctNOW/PhysiCell_settings.xml -ga_parameters=/gpfs/scratch/cns03/cns03402/COIN/spheroid-tnf-v2-emews-second_iteration_DD/spheroid-tnf-v2-emews-second_iteration/experiments/DD_GA_correctNOW/TNF_v2_ga_params.json
MACHINE=-m slurm

## SCRIPT ###
#! /usr/bin/env bash

set -eu

if [ "$#" -lt 3 ]; then
  script_name=$(basename $0)
  echo "Usage: ${script_name} EXPERIMENT_ID GA_PARAMS_FILE GA_CONFIG_FILE CHECKPOINT_FILE"
  echo "(e.g. ${script_name} experiment_1 data/ga_params.json data/ga_config.json path/to/ga_checkpoint.pkl)"
  echo "GA_CONFIG_FILE mandatory argument pointing to a .json with corresponding GA hyperparameters"
  echo "CHECKPOINT_FILE (optional): path to a .pkl file to continue a previous experiment"
  exit 1
  # script_name=$(basename $0)
  # echo "Usage: ${script_name} EXPERIMENT_ID GA_PARAMS_FILE TERMINATION_CRIT POP_NUM CROSSOVER_PROB MUTATION_PROB TOURNAMENT_SIZE CHECKPOINT_FILE"
  # echo "(e.g. ${script_name} experiment_1 data/ga_params.json 30 50 0.75 0.5 3 path/to/ga_checkpoint.pkl)"
  # echo "TERMINATION_CRIT: if integer is given, then max number of generations,"
  # echo "                  else is lower limit of population fitness variance for 5 consecutive generations"
  # echo "POP_NUM: integer, number of individuals in the population"
  # echo "CROSSOVER_PROB: float \\in [0,1] - probability for applying the crossover operator,"
  # echo "MUTATION_PROB: float \\in [0,1] - probability for applying the mutation operator,"
  # echo "TOURNAMENT_SIZE: number of individuals to inclide in each tournament for selection"
  # echo "CHECKPOINT_FILE (optional): path to a .pkl file to continue a previous experiment"
  # exit 1
fi

# uncomment to turn on swift/t logging. Can also set TURBINE_LOG,
# TURBINE_DEBUG, and ADLB_DEBUG to 0 to turn off logging
# export TURBINE_LOG=1 TURBINE_DEBUG=1 ADLB_DEBUG=1
export EMEWS_PROJECT_ROOT=$( cd $( dirname $0 )/.. ; /bin/pwd )
# source some utility functions used by EMEWS in this script
source "${EMEWS_PROJECT_ROOT}/etc/emews_utils.sh"


if [ "$#" -eq 4 ]; then
  export CHECKPOINT_FILE=$EMEWS_PROJECT_ROOT/$4
fi

export EXPID=$1
export TURBINE_OUTPUT=$EMEWS_PROJECT_ROOT/experiments/$EXPID
check_directory_exists

export GA_CONFIG_FILE=$3
# export TERMINATION_CRIT=$3
# export POP_NUM=$4
# export CROSSOVER_PROB=$5
# export MUTATION_PROB=$6
# export TOURNAMENT_SIZE=$7

# TODO edit the number of processes as required (must be more than 3).
export PROCS=96

# TODO edit QUEUE, WALLTIME, PPN, AND TURNBINE_JOBNAME
# as required. Note that QUEUE, WALLTIME, PPN, AND TURNBINE_JOBNAME will
# be ignored if MACHINE flag (see below) is not set
export QUEUE=main
export WALLTIME=72:00:00
export PPN=12
export TURBINE_JOBNAME="${EXPID}_job"

# Extra argument passed to SLURM script
# export TURBINE_SBATCH_ARGS=--qos=debug

# if R cannot be found, then these will need to be
# uncommented and set correctly.
# export R_HOME=/path/to/R
# export LD_LIBRARY_PATH=$LD_LIBRARY_PATH:$R_HOME/lib
# export PYTHONHOME=/path/to/python
export PYTHONPATH=$EMEWS_PROJECT_ROOT/python:$EMEWS_PROJECT_ROOT/ext/EQ-Py

# Resident task workers and ranks
export TURBINE_RESIDENT_WORK_WORKERS=1
export RESIDENT_WORK_RANKS=$(( PROCS - 2 ))

# EQ/Py location
EQPY=$EMEWS_PROJECT_ROOT/ext/EQ-Py

# TODO edit command line arguments, e.g. -nv etc., as appropriate
# for your EQ/Py based run. $* will pass all of this script's
# command line arguments to the swift script
mkdir -p $TURBINE_OUTPUT

EXECUTABLE_SOURCE=$EMEWS_PROJECT_ROOT/data/PhysiBoSSv2/spheroid_TNF_v2
DEFAULT_XML_SOURCE=$EMEWS_PROJECT_ROOT/data/PhysiBoSSv2/config/*
GA_PARAMS_FILE_SOURCE=$2

EXECUTABLE_OUT=$TURBINE_OUTPUT/spheroid_TNF
DEFAULT_XML_OUT=$TURBINE_OUTPUT
GA_PARAMS_FILE_OUT=$TURBINE_OUTPUT/TNF_v2_ga_params.json

cp $EXECUTABLE_SOURCE $EXECUTABLE_OUT
cp -r $DEFAULT_XML_SOURCE $DEFAULT_XML_OUT
cp $GA_PARAMS_FILE_SOURCE $GA_PARAMS_FILE_OUT

SEED=1234
ITERATIONS=15
REPLICATIONS=1
NUM_POPULATION=150

CMD_LINE_ARGS="$* -seed=$SEED -ni=$ITERATIONS -nv=$REPLICATIONS -np=$NUM_POPULATION -exe=$EXECUTABLE_OUT -settings=$DEFAULT_XML_OUT/PhysiCell_settings.xml -ga_parameters=$GA_PARAMS_FILE_OUT"

# Uncomment this for the BG/Q:
#export MODE=BGQ QUEUE=default

# set machine to your schedule type (e.g. pbs, slurm, cobalt etc.),
# or empty for an immediate non-queued unscheduled run
MACHINE="slurm"
# MACHINE=""

if [ -n "$MACHINE" ]; then
  MACHINE="-m $MACHINE"
fi

# Add any script variables that you want to log as
# part of the experiment meta data to the USER_VARS array,
# for example, USER_VARS=("VAR_1" "VAR_2")
USER_VARS=()
# log variables and script to to TURBINE_OUTPUT directory
log_script

# echo's anything following this to standard out
set -x
SWIFT_FILE=swift_run_eqpy.swift
swift-t -n $PROCS $MACHINE -p -I $EQPY -r $EQPY $EMEWS_PROJECT_ROOT/swift/$SWIFT_FILE $CMD_LINE_ARGS
